# JRE version: Java(TM) SE Runtime Environment (8.0_91-b14) (build 1.8.0_91-b14)
# Java VM: Java HotSpot(TM) 64-Bit Server VM (25.91-b14 mixed mode windows-amd64 compressed oops)
Heap:
 PSYoungGen      total 70144K, used 35422K [0x000000076b300000, 0x0000000770200000, 0x00000007c0000000)
  eden space 62464K, 56% used [0x000000076b300000,0x000000076d5979a8,0x000000076f000000)
  from space 7680K, 0% used [0x000000076fa80000,0x000000076fa80000,0x0000000770200000)
  to   space 9216K, 0% used [0x000000076f000000,0x000000076f000000,0x000000076f900000)
 ParOldGen       total 73728K, used 9449K [0x00000006c1800000, 0x00000006c6000000, 0x000000076b300000)
  object space 73728K, 12% used [0x00000006c1800000,0x00000006c213a518,0x00000006c6000000)
 Metaspace       used 37302K, capacity 37682K, committed 37888K, reserved 1081344K
  class space    used 5380K, capacity 5526K, committed 5632K, reserved 1048576K
GC Heap History (10 events):
Event: 10.526 GC heap before
{Heap before GC invocations=4 (full 1):
 PSYoungGen      total 76288K, used 6103K [0x000000076b300000, 0x0000000770800000, 0x00000007c0000000)
  eden space 65536K, 0% used [0x000000076b300000,0x000000076b300000,0x000000076f300000)
  from space 10752K, 56% used [0x000000076f300000,0x000000076f8f5dc8,0x000000076fd80000)
  to   space 10752K, 0% used [0x000000076fd80000,0x000000076fd80000,0x0000000770800000)
 ParOldGen       total 175104K, used 96K [0x00000006c1800000, 0x00000006cc300000, 0x000000076b300000)
  object space 175104K, 0% used [0x00000006c1800000,0x00000006c1818028,0x00000006cc300000)
 Metaspace       used 20935K, capacity 21066K, committed 21248K, reserved 1067008K
  class space    used 2951K, capacity 3035K, committed 3072K, reserved 1048576K
Event: 10.550 GC heap after
Heap after GC invocations=4 (full 1):
 PSYoungGen      total 76288K, used 0K [0x000000076b300000, 0x0000000770800000, 0x00000007c0000000)
  eden space 65536K, 0% used [0x000000076b300000,0x000000076b300000,0x000000076f300000)
  from space 10752K, 0% used [0x000000076f300000,0x000000076f300000,0x000000076fd80000)
  to   space 10752K, 0% used [0x000000076fd80000,0x000000076fd80000,0x0000000770800000)
 ParOldGen       total 71680K, used 5906K [0x00000006c1800000, 0x00000006c5e00000, 0x000000076b300000)
  object space 71680K, 8% used [0x00000006c1800000,0x00000006c1dc4ad8,0x00000006c5e00000)
 Metaspace       used 20935K, capacity 21066K, committed 21248K, reserved 1067008K
  class space    used 2951K, capacity 3035K, committed 3072K, reserved 1048576K
}
Event: 11.245 GC heap before
{Heap before GC invocations=5 (full 1):
 PSYoungGen      total 76288K, used 65536K [0x000000076b300000, 0x0000000770800000, 0x00000007c0000000)
  eden space 65536K, 100% used [0x000000076b300000,0x000000076f300000,0x000000076f300000)
  from space 10752K, 0% used [0x000000076f300000,0x000000076f300000,0x000000076fd80000)
  to   space 10752K, 0% used [0x000000076fd80000,0x000000076fd80000,0x0000000770800000)
 ParOldGen       total 71680K, used 5906K [0x00000006c1800000, 0x00000006c5e00000, 0x000000076b300000)
  object space 71680K, 8% used [0x00000006c1800000,0x00000006c1dc4ad8,0x00000006c5e00000)
 Metaspace       used 27894K, capacity 28156K, committed 28416K, reserved 1073152K
  class space    used 3894K, capacity 3984K, committed 4096K, reserved 1048576K
Event: 11.250 GC heap after
Heap after GC invocations=5 (full 1):
 PSYoungGen      total 76288K, used 8064K [0x000000076b300000, 0x0000000770800000, 0x00000007c0000000)
  eden space 65536K, 0% used [0x000000076b300000,0x000000076b300000,0x000000076f300000)
  from space 10752K, 75% used [0x000000076fd80000,0x00000007705602d0,0x0000000770800000)
  to   space 10752K, 0% used [0x000000076f300000,0x000000076f300000,0x000000076fd80000)
 ParOldGen       total 71680K, used 5914K [0x00000006c1800000, 0x00000006c5e00000, 0x000000076b300000)
  object space 71680K, 8% used [0x00000006c1800000,0x00000006c1dc6ad8,0x00000006c5e00000)
 Metaspace       used 27894K, capacity 28156K, committed 28416K, reserved 1073152K
  class space    used 3894K, capacity 3984K, committed 4096K, reserved 1048576K
}
Event: 23.109 GC heap before
{Heap before GC invocations=6 (full 1):
 PSYoungGen      total 76288K, used 73600K [0x000000076b300000, 0x0000000770800000, 0x00000007c0000000)
  eden space 65536K, 100% used [0x000000076b300000,0x000000076f300000,0x000000076f300000)
  from space 10752K, 75% used [0x000000076fd80000,0x00000007705602d0,0x0000000770800000)
  to   space 10752K, 0% used [0x000000076f300000,0x000000076f300000,0x000000076fd80000)
 ParOldGen       total 71680K, used 5914K [0x00000006c1800000, 0x00000006c5e00000, 0x000000076b300000)
  object space 71680K, 8% used [0x00000006c1800000,0x00000006c1dc6ad8,0x00000006c5e00000)
 Metaspace       used 32626K, capacity 32862K, committed 33280K, reserved 1077248K
  class space    used 4642K, capacity 4760K, committed 4864K, reserved 1048576K
Event: 23.114 GC heap after
Heap after GC invocations=6 (full 1):
 PSYoungGen      total 70656K, used 6647K [0x000000076b300000, 0x0000000770380000, 0x00000007c0000000)
  eden space 64000K, 0% used [0x000000076b300000,0x000000076b300000,0x000000076f180000)
  from space 6656K, 99% used [0x000000076f300000,0x000000076f97dca8,0x000000076f980000)
  to   space 9216K, 0% used [0x000000076fa80000,0x000000076fa80000,0x0000000770380000)
 ParOldGen       total 71680K, used 5922K [0x00000006c1800000, 0x00000006c5e00000, 0x000000076b300000)
  object space 71680K, 8% used [0x00000006c1800000,0x00000006c1dc8ad8,0x00000006c5e00000)
 Metaspace       used 32626K, capacity 32862K, committed 33280K, reserved 1077248K
  class space    used 4642K, capacity 4760K, committed 4864K, reserved 1048576K
}
Event: 23.442 GC heap before
{Heap before GC invocations=7 (full 1):
 PSYoungGen      total 70656K, used 37290K [0x000000076b300000, 0x0000000770380000, 0x00000007c0000000)
  eden space 64000K, 47% used [0x000000076b300000,0x000000076d0ecc20,0x000000076f180000)
  from space 6656K, 99% used [0x000000076f300000,0x000000076f97dca8,0x000000076f980000)
  to   space 9216K, 0% used [0x000000076fa80000,0x000000076fa80000,0x0000000770380000)
 ParOldGen       total 71680K, used 5922K [0x00000006c1800000, 0x00000006c5e00000, 0x000000076b300000)
  object space 71680K, 8% used [0x00000006c1800000,0x00000006c1dc8ad8,0x00000006c5e00000)
 Metaspace       used 34966K, capacity 35224K, committed 35416K, reserved 1079296K
  class space    used 5008K, capacity 5111K, committed 5120K, reserved 1048576K
Event: 23.447 GC heap after
Heap after GC invocations=7 (full 1):
 PSYoungGen      total 70144K, used 5423K [0x000000076b300000, 0x0000000770200000, 0x00000007c0000000)
  eden space 62464K, 0% used [0x000000076b300000,0x000000076b300000,0x000000076f000000)
  from space 7680K, 70% used [0x000000076fa80000,0x000000076ffcbcd8,0x0000000770200000)
  to   space 9216K, 0% used [0x000000076f000000,0x000000076f000000,0x000000076f900000)
 ParOldGen       total 71680K, used 5930K [0x00000006c1800000, 0x00000006c5e00000, 0x000000076b300000)
  object space 71680K, 8% used [0x00000006c1800000,0x00000006c1dcaad8,0x00000006c5e00000)
 Metaspace       used 34966K, capacity 35224K, committed 35416K, reserved 1079296K
  class space    used 5008K, capacity 5111K, committed 5120K, reserved 1048576K
}
Event: 23.447 GC heap before
{Heap before GC invocations=8 (full 2):
 PSYoungGen      total 70144K, used 5423K [0x000000076b300000, 0x0000000770200000, 0x00000007c0000000)
  eden space 62464K, 0% used [0x000000076b300000,0x000000076b300000,0x000000076f000000)
  from space 7680K, 70% used [0x000000076fa80000,0x000000076ffcbcd8,0x0000000770200000)
  to   space 9216K, 0% used [0x000000076f000000,0x000000076f000000,0x000000076f900000)
 ParOldGen       total 71680K, used 5930K [0x00000006c1800000, 0x00000006c5e00000, 0x000000076b300000)
  object space 71680K, 8% used [0x00000006c1800000,0x00000006c1dcaad8,0x00000006c5e00000)
 Metaspace       used 34966K, capacity 35224K, committed 35416K, reserved 1079296K
  class space    used 5008K, capacity 5111K, committed 5120K, reserved 1048576K
Event: 23.486 GC heap after
Heap after GC invocations=8 (full 2):
 PSYoungGen      total 70144K, used 0K [0x000000076b300000, 0x0000000770200000, 0x00000007c0000000)
  eden space 62464K, 0% used [0x000000076b300000,0x000000076b300000,0x000000076f000000)
  from space 7680K, 0% used [0x000000076fa80000,0x000000076fa80000,0x0000000770200000)
  to   space 9216K, 0% used [0x000000076f000000,0x000000076f000000,0x000000076f900000)
 ParOldGen       total 73728K, used 9449K [0x00000006c1800000, 0x00000006c6000000, 0x000000076b300000)
  object space 73728K, 12% used [0x00000006c1800000,0x00000006c213a518,0x00000006c6000000)
 Metaspace       used 34959K, capacity 35212K, committed 35416K, reserved 1079296K
  class space    used 5007K, capacity 5109K, committed 5120K, reserved 1048576K
}

