# JRE version: Java(TM) SE Runtime Environment (8.0_91-b14) (build 1.8.0_91-b14)
# Java VM: Java HotSpot(TM) 64-Bit Server VM (25.91-b14 mixed mode windows-amd64 compressed oops)
Heap:
 PSYoungGen      total 70144K, used 33672K [0x000000076b300000, 0x0000000770200000, 0x00000007c0000000)
  eden space 62464K, 53% used [0x000000076b300000,0x000000076d3e2058,0x000000076f000000)
  from space 7680K, 0% used [0x000000076fa80000,0x000000076fa80000,0x0000000770200000)
  to   space 9216K, 0% used [0x000000076f000000,0x000000076f000000,0x000000076f900000)
 ParOldGen       total 74240K, used 9742K [0x00000006c1800000, 0x00000006c6080000, 0x000000076b300000)
  object space 74240K, 13% used [0x00000006c1800000,0x00000006c2183830,0x00000006c6080000)
 Metaspace       used 36918K, capacity 37206K, committed 37464K, reserved 1081344K
  class space    used 5355K, capacity 5454K, committed 5464K, reserved 1048576K
GC Heap History (10 events):
Event: 9.437 GC heap before
{Heap before GC invocations=4 (full 1):
 PSYoungGen      total 76288K, used 6103K [0x000000076b300000, 0x0000000770800000, 0x00000007c0000000)
  eden space 65536K, 0% used [0x000000076b300000,0x000000076b300000,0x000000076f300000)
  from space 10752K, 56% used [0x000000076f300000,0x000000076f8f5e48,0x000000076fd80000)
  to   space 10752K, 0% used [0x000000076fd80000,0x000000076fd80000,0x0000000770800000)
 ParOldGen       total 175104K, used 96K [0x00000006c1800000, 0x00000006cc300000, 0x000000076b300000)
  object space 175104K, 0% used [0x00000006c1800000,0x00000006c1818028,0x00000006cc300000)
 Metaspace       used 20932K, capacity 21058K, committed 21248K, reserved 1067008K
  class space    used 2951K, capacity 3035K, committed 3072K, reserved 1048576K
Event: 9.457 GC heap after
Heap after GC invocations=4 (full 1):
 PSYoungGen      total 76288K, used 0K [0x000000076b300000, 0x0000000770800000, 0x00000007c0000000)
  eden space 65536K, 0% used [0x000000076b300000,0x000000076b300000,0x000000076f300000)
  from space 10752K, 0% used [0x000000076f300000,0x000000076f300000,0x000000076fd80000)
  to   space 10752K, 0% used [0x000000076fd80000,0x000000076fd80000,0x0000000770800000)
 ParOldGen       total 71680K, used 5950K [0x00000006c1800000, 0x00000006c5e00000, 0x000000076b300000)
  object space 71680K, 8% used [0x00000006c1800000,0x00000006c1dcf8a8,0x00000006c5e00000)
 Metaspace       used 20932K, capacity 21058K, committed 21248K, reserved 1067008K
  class space    used 2951K, capacity 3035K, committed 3072K, reserved 1048576K
}
Event: 10.214 GC heap before
{Heap before GC invocations=5 (full 1):
 PSYoungGen      total 76288K, used 65536K [0x000000076b300000, 0x0000000770800000, 0x00000007c0000000)
  eden space 65536K, 100% used [0x000000076b300000,0x000000076f300000,0x000000076f300000)
  from space 10752K, 0% used [0x000000076f300000,0x000000076f300000,0x000000076fd80000)
  to   space 10752K, 0% used [0x000000076fd80000,0x000000076fd80000,0x0000000770800000)
 ParOldGen       total 71680K, used 5950K [0x00000006c1800000, 0x00000006c5e00000, 0x000000076b300000)
  object space 71680K, 8% used [0x00000006c1800000,0x00000006c1dcf8a8,0x00000006c5e00000)
 Metaspace       used 27904K, capacity 28148K, committed 28416K, reserved 1073152K
  class space    used 3903K, capacity 3984K, committed 4096K, reserved 1048576K
Event: 10.218 GC heap after
Heap after GC invocations=5 (full 1):
 PSYoungGen      total 76288K, used 8041K [0x000000076b300000, 0x0000000770800000, 0x00000007c0000000)
  eden space 65536K, 0% used [0x000000076b300000,0x000000076b300000,0x000000076f300000)
  from space 10752K, 74% used [0x000000076fd80000,0x000000077055a670,0x0000000770800000)
  to   space 10752K, 0% used [0x000000076f300000,0x000000076f300000,0x000000076fd80000)
 ParOldGen       total 71680K, used 5958K [0x00000006c1800000, 0x00000006c5e00000, 0x000000076b300000)
  object space 71680K, 8% used [0x00000006c1800000,0x00000006c1dd18a8,0x00000006c5e00000)
 Metaspace       used 27904K, capacity 28148K, committed 28416K, reserved 1073152K
  class space    used 3903K, capacity 3984K, committed 4096K, reserved 1048576K
}
Event: 129.688 GC heap before
{Heap before GC invocations=6 (full 1):
 PSYoungGen      total 76288K, used 73577K [0x000000076b300000, 0x0000000770800000, 0x00000007c0000000)
  eden space 65536K, 100% used [0x000000076b300000,0x000000076f300000,0x000000076f300000)
  from space 10752K, 74% used [0x000000076fd80000,0x000000077055a670,0x0000000770800000)
  to   space 10752K, 0% used [0x000000076f300000,0x000000076f300000,0x000000076fd80000)
 ParOldGen       total 71680K, used 5958K [0x00000006c1800000, 0x00000006c5e00000, 0x000000076b300000)
  object space 71680K, 8% used [0x00000006c1800000,0x00000006c1dd18a8,0x00000006c5e00000)
 Metaspace       used 32440K, capacity 32694K, committed 33152K, reserved 1077248K
  class space    used 4629K, capacity 4728K, committed 4736K, reserved 1048576K
Event: 129.693 GC heap after
Heap after GC invocations=6 (full 1):
 PSYoungGen      total 71168K, used 6722K [0x000000076b300000, 0x0000000770380000, 0x00000007c0000000)
  eden space 64000K, 0% used [0x000000076b300000,0x000000076b300000,0x000000076f180000)
  from space 7168K, 93% used [0x000000076f300000,0x000000076f990a88,0x000000076fa00000)
  to   space 9216K, 0% used [0x000000076fa80000,0x000000076fa80000,0x0000000770380000)
 ParOldGen       total 71680K, used 5966K [0x00000006c1800000, 0x00000006c5e00000, 0x000000076b300000)
  object space 71680K, 8% used [0x00000006c1800000,0x00000006c1dd38a8,0x00000006c5e00000)
 Metaspace       used 32440K, capacity 32694K, committed 33152K, reserved 1077248K
  class space    used 4629K, capacity 4728K, committed 4736K, reserved 1048576K
}
Event: 299.907 GC heap before
{Heap before GC invocations=7 (full 1):
 PSYoungGen      total 71168K, used 40026K [0x000000076b300000, 0x0000000770380000, 0x00000007c0000000)
  eden space 64000K, 52% used [0x000000076b300000,0x000000076d385eb0,0x000000076f180000)
  from space 7168K, 93% used [0x000000076f300000,0x000000076f990a88,0x000000076fa00000)
  to   space 9216K, 0% used [0x000000076fa80000,0x000000076fa80000,0x0000000770380000)
 ParOldGen       total 71680K, used 5966K [0x00000006c1800000, 0x00000006c5e00000, 0x000000076b300000)
  object space 71680K, 8% used [0x00000006c1800000,0x00000006c1dd38a8,0x00000006c5e00000)
 Metaspace       used 34924K, capacity 35184K, committed 35416K, reserved 1079296K
  class space    used 5035K, capacity 5143K, committed 5208K, reserved 1048576K
Event: 299.911 GC heap after
Heap after GC invocations=7 (full 1):
 PSYoungGen      total 70144K, used 5656K [0x000000076b300000, 0x0000000770200000, 0x00000007c0000000)
  eden space 62464K, 0% used [0x000000076b300000,0x000000076b300000,0x000000076f000000)
  from space 7680K, 73% used [0x000000076fa80000,0x0000000770006260,0x0000000770200000)
  to   space 9216K, 0% used [0x000000076f000000,0x000000076f000000,0x000000076f900000)
 ParOldGen       total 71680K, used 5974K [0x00000006c1800000, 0x00000006c5e00000, 0x000000076b300000)
  object space 71680K, 8% used [0x00000006c1800000,0x00000006c1dd58a8,0x00000006c5e00000)
 Metaspace       used 34924K, capacity 35184K, committed 35416K, reserved 1079296K
  class space    used 5035K, capacity 5143K, committed 5208K, reserved 1048576K
}
Event: 299.911 GC heap before
{Heap before GC invocations=8 (full 2):
 PSYoungGen      total 70144K, used 5656K [0x000000076b300000, 0x0000000770200000, 0x00000007c0000000)
  eden space 62464K, 0% used [0x000000076b300000,0x000000076b300000,0x000000076f000000)
  from space 7680K, 73% used [0x000000076fa80000,0x0000000770006260,0x0000000770200000)
  to   space 9216K, 0% used [0x000000076f000000,0x000000076f000000,0x000000076f900000)
 ParOldGen       total 71680K, used 5974K [0x00000006c1800000, 0x00000006c5e00000, 0x000000076b300000)
  object space 71680K, 8% used [0x00000006c1800000,0x00000006c1dd58a8,0x00000006c5e00000)
 Metaspace       used 34924K, capacity 35184K, committed 35416K, reserved 1079296K
  class space    used 5035K, capacity 5143K, committed 5208K, reserved 1048576K
Event: 299.940 GC heap after
Heap after GC invocations=8 (full 2):
 PSYoungGen      total 70144K, used 0K [0x000000076b300000, 0x0000000770200000, 0x00000007c0000000)
  eden space 62464K, 0% used [0x000000076b300000,0x000000076b300000,0x000000076f000000)
  from space 7680K, 0% used [0x000000076fa80000,0x000000076fa80000,0x0000000770200000)
  to   space 9216K, 0% used [0x000000076f000000,0x000000076f000000,0x000000076f900000)
 ParOldGen       total 74240K, used 9742K [0x00000006c1800000, 0x00000006c6080000, 0x000000076b300000)
  object space 74240K, 13% used [0x00000006c1800000,0x00000006c2183830,0x00000006c6080000)
 Metaspace       used 34916K, capacity 35172K, committed 35416K, reserved 1079296K
  class space    used 5033K, capacity 5141K, committed 5208K, reserved 1048576K
}

